App 1375793 output: INFO:     Will watch for changes in these directories: ['/home/fnitvpcel65t/rasikapi']
App 1375793 output: ERROR:    [Errno 98] Address already in use
App 1385298 output: INFO:     Will watch for changes in these directories: ['/home/fnitvpcel65t/rasikapi']
App 1385298 output: INFO:     Uvicorn running on http://127.0.0.1:5009 (Press CTRL+C to quit)
App 1385298 output: INFO:     Started reloader process [1385298] using WatchFiles
App 1385298 output: INFO:     Started server process [1385381]
App 1385298 output: INFO:     Waiting for application startup.
App 1385298 output: INFO:     Application startup complete.
App 1385426 output: /home/fnitvpcel65t/virtualenv/rasikapi/3.9/bin/python: fork: retry: Resource temporarily unavailable
App 1385426 output: /home/fnitvpcel65t/virtualenv/rasikapi/3.9/bin/python: fork: retry: Resource temporarily unavailable
App 1385426 output: /home/fnitvpcel65t/virtualenv/rasikapi/3.9/bin/python: fork: retry: Resource temporarily unavailable
App 1385426 output: /home/fnitvpcel65t/virtualenv/rasikapi/3.9/bin/python: fork: retry: Resource temporarily unavailable
App 1385426 output: /home/fnitvpcel65t/virtualenv/rasikapi/3.9/bin/python: fork: Resource temporarily unavailable
App 1385426 output: /home/fnitvpcel65t/virtualenv/rasikapi/3.9/bin/python: line 15: /home/fnitvpcel65t/rasikapi/activate: No such file or directory
App 1385426 output: /home/fnitvpcel65t/virtualenv/rasikapi/3.9/bin/python: fork: retry: Resource temporarily unavailable
App 1385426 output: /home/fnitvpcel65t/virtualenv/rasikapi/3.9/bin/python: fork: retry: Resource temporarily unavailable
App 1385426 output: /home/fnitvpcel65t/virtualenv/rasikapi/3.9/bin/python: line 17: /home/fnitvpcel65t/rasikapi/set_env_vars.py: No such file or directory
App 1385426 output: /home/fnitvpcel65t/virtualenv/rasikapi/3.9/bin/python: line 20: /home/fnitvpcel65t/rasikapi/python_bin: No such file or directory
App 1404844 output: INFO:     Will watch for changes in these directories: ['/home/fnitvpcel65t/rasikapi']
App 1404844 output: ERROR:    [Errno 98] Address already in use
App 1404935 output: INFO:     Will watch for changes in these directories: ['/home/fnitvpcel65t/rasikapi']
App 1404935 output: ERROR:    [Errno 98] Address already in use
App 1385298 output: WARNING:  WatchFiles detected changes in 'run.py'. Reloading...
App 1385298 output: INFO:     Shutting down
App 1385298 output: INFO:     Waiting for application shutdown.
App 1385298 output: INFO:     Application shutdown complete.
App 1385298 output: INFO:     Finished server process [1385381]
App 1385298 output: WARNING:  WatchFiles detected changes in 'run.py'. Reloading...
App 1385298 output: INFO:     Started server process [1409417]
App 1385298 output: INFO:     Waiting for application startup.
App 1385298 output: INFO:     Application startup complete.
App 1385298 output: INFO:     Started server process [1409423]
App 1385298 output: INFO:     Waiting for application startup.
App 1385298 output: INFO:     Application startup complete.
App 1423963 output: INFO:     Will watch for changes in these directories: ['/home/fnitvpcel65t/rasikapi']
App 1423963 output: ERROR:    [Errno 98] Address already in use
App 1385298 output: WARNING:  WatchFiles detected changes in 'passenger_wsgi.py'. Reloading...
App 1385298 output: INFO:     Shutting down
App 1385298 output: INFO:     Waiting for application shutdown.
App 1385298 output: INFO:     Application shutdown complete.
App 1385298 output: INFO:     Finished server process [1409423]
App 1385298 output: INFO:     Started server process [1533089]
App 1385298 output: INFO:     Waiting for application startup.
App 1385298 output: INFO:     Application startup complete.
App 1533301 output: INFO:     Will watch for changes in these directories: ['/home/fnitvpcel65t/rasikapi']
App 1533301 output: ERROR:    [Errno 98] Address already in use
App 1385298 output: WARNING:  WatchFiles detected changes in 'run.py'. Reloading...
App 1385298 output: INFO:     Shutting down
App 1385298 output: INFO:     Waiting for application shutdown.
App 1385298 output: INFO:     Application shutdown complete.
App 1385298 output: INFO:     Finished server process [1533089]
App 1385298 output: WARNING:  WatchFiles detected changes in 'run.py'. Reloading...
App 1385298 output: INFO:     Started server process [1537710]
App 1385298 output: INFO:     Waiting for application startup.
App 1385298 output: INFO:     Application startup complete.
App 1385298 output: INFO:     Started server process [1537756]
App 1385298 output: INFO:     Waiting for application startup.
App 1385298 output: INFO:     Application startup complete.
App 1664695 output: INFO:     Will watch for changes in these directories: ['/home/fnitvpcel65t/rasikapi']
App 1664695 output: INFO:     Uvicorn running on http://127.0.0.1:5159 (Press CTRL+C to quit)
App 1664695 output: INFO:     Started reloader process [1664695] using WatchFiles
App 1664695 output: INFO:     Started server process [1664759]
App 1664695 output: INFO:     Waiting for application startup.
App 1664695 output: INFO:     Application startup complete.
App 1665409 output: INFO:     Will watch for changes in these directories: ['/home/fnitvpcel65t/rasikapi']
App 1665409 output: ERROR:    [Errno 98] Address already in use
App 1666166 output: INFO:     Will watch for changes in these directories: ['/home/fnitvpcel65t/rasikapi']
App 1666166 output: ERROR:    [Errno 98] Address already in use
App 1664695 output: WARNING:  WatchFiles detected changes in 'run.py'. Reloading...
App 1664695 output: INFO:     Shutting down
App 1664695 output: INFO:     Waiting for application shutdown.
App 1664695 output: INFO:     Application shutdown complete.
App 1664695 output: INFO:     Finished server process [1664759]
App 1664695 output: WARNING:  WatchFiles detected changes in 'run.py'. Reloading...
App 1664695 output: INFO:     Started server process [1669569]
App 1664695 output: INFO:     Waiting for application startup.
App 1664695 output: INFO:     Application startup complete.
App 1664695 output: INFO:     Started server process [1669588]
App 1664695 output: INFO:     Waiting for application startup.
App 1664695 output: INFO:     Application startup complete.
App 1669761 output: INFO:     Will watch for changes in these directories: ['/home/fnitvpcel65t/rasikapi']
App 1669761 output: INFO:     Uvicorn running on http://127.0.0.1:8435 (Press CTRL+C to quit)
App 1669761 output: INFO:     Started reloader process [1669761] using WatchFiles
App 1669761 output: INFO:     Started server process [1669835]
App 1669761 output: INFO:     Waiting for application startup.
App 1669761 output: INFO:     Application startup complete.
App 1674079 output: INFO:     Will watch for changes in these directories: ['/home/fnitvpcel65t/rasikapi']
App 1674079 output: ERROR:    [Errno 98] Address already in use
